{"numFailedTestSuites":2,"numFailedTests":2,"numPassedTestSuites":0,"numPassedTests":18,"numPendingTestSuites":0,"numPendingTests":0,"numRuntimeErrorTestSuites":0,"numTodoTests":0,"numTotalTestSuites":2,"numTotalTests":20,"openHandles":[],"snapshot":{"added":0,"didUpdate":false,"failure":false,"filesAdded":0,"filesRemoved":0,"filesRemovedList":[],"filesUnmatched":0,"filesUpdated":0,"matched":0,"total":0,"unchecked":0,"uncheckedKeysByFile":[],"unmatched":0,"updated":0},"startTime":1771487031594,"success":false,"testResults":[{"assertionResults":[{"ancestorTitles":["Comment Controller","createComment"],"duration":91,"failing":false,"failureDetails":[{"matcherResult":{"actual":500,"expected":201,"message":"\u001b[2mexpect(\u001b[22m\u001b[31mreceived\u001b[39m\u001b[2m).\u001b[22mtoBe\u001b[2m(\u001b[22m\u001b[32mexpected\u001b[39m\u001b[2m) // Object.is equality\u001b[22m\n\nExpected: \u001b[32m201\u001b[39m\nReceived: \u001b[31m500\u001b[39m","name":"toBe","pass":false}}],"failureMessages":["Error: \u001b[2mexpect(\u001b[22m\u001b[31mreceived\u001b[39m\u001b[2m).\u001b[22mtoBe\u001b[2m(\u001b[22m\u001b[32mexpected\u001b[39m\u001b[2m) // Object.is equality\u001b[22m\n\nExpected: \u001b[32m201\u001b[39m\nReceived: \u001b[31m500\u001b[39m\n    at Object.toBe (C:\\Users\\outward_tech01\\OneDrive\\Desktop\\node-simple-blog\\tests\\unit\\commentController.test.js:51:30)\n    at processTicksAndRejections (node:internal/process/task_queues:105:5)"],"fullName":"Comment Controller createComment should create a comment and return 201","invocations":1,"location":null,"numPassingAsserts":0,"retryReasons":[],"startAt":1771487038488,"status":"failed","title":"should create a comment and return 201"},{"ancestorTitles":["Comment Controller","createComment"],"duration":3,"failing":false,"failureDetails":[],"failureMessages":[],"fullName":"Comment Controller createComment should return 404 if post not found","invocations":1,"location":null,"numPassingAsserts":2,"retryReasons":[],"startAt":1771487038581,"status":"passed","title":"should return 404 if post not found"},{"ancestorTitles":["Comment Controller","createComment"],"duration":3,"failing":false,"failureDetails":[],"failureMessages":[],"fullName":"Comment Controller createComment should return 500 on server error","invocations":1,"location":null,"numPassingAsserts":1,"retryReasons":[],"startAt":1771487038584,"status":"passed","title":"should return 500 on server error"},{"ancestorTitles":["Comment Controller","updateComment"],"duration":4,"failing":false,"failureDetails":[],"failureMessages":[],"fullName":"Comment Controller updateComment should update a comment successfully","invocations":1,"location":null,"numPassingAsserts":3,"retryReasons":[],"startAt":1771487038588,"status":"passed","title":"should update a comment successfully"},{"ancestorTitles":["Comment Controller","updateComment"],"duration":2,"failing":false,"failureDetails":[],"failureMessages":[],"fullName":"Comment Controller updateComment should return 404 if comment not found","invocations":1,"location":null,"numPassingAsserts":1,"retryReasons":[],"startAt":1771487038592,"status":"passed","title":"should return 404 if comment not found"},{"ancestorTitles":["Comment Controller","updateComment"],"duration":3,"failing":false,"failureDetails":[],"failureMessages":[],"fullName":"Comment Controller updateComment should return 403 if user does not own the comment","invocations":1,"location":null,"numPassingAsserts":2,"retryReasons":[],"startAt":1771487038594,"status":"passed","title":"should return 403 if user does not own the comment"},{"ancestorTitles":["Comment Controller","deleteComment"],"duration":3,"failing":false,"failureDetails":[],"failureMessages":[],"fullName":"Comment Controller deleteComment should soft delete a comment and decrement post count","invocations":1,"location":null,"numPassingAsserts":3,"retryReasons":[],"startAt":1771487038597,"status":"passed","title":"should soft delete a comment and decrement post count"},{"ancestorTitles":["Comment Controller","deleteComment"],"duration":2,"failing":false,"failureDetails":[],"failureMessages":[],"fullName":"Comment Controller deleteComment should return 404 if comment not found","invocations":1,"location":null,"numPassingAsserts":1,"retryReasons":[],"startAt":1771487038601,"status":"passed","title":"should return 404 if comment not found"},{"ancestorTitles":["Comment Controller","deleteComment"],"duration":3,"failing":false,"failureDetails":[],"failureMessages":[],"fullName":"Comment Controller deleteComment should return 403 if user lacks permission","invocations":1,"location":null,"numPassingAsserts":1,"retryReasons":[],"startAt":1771487038603,"status":"passed","title":"should return 403 if user lacks permission"},{"ancestorTitles":["Comment Controller","deleteComment"],"duration":2,"failing":false,"failureDetails":[],"failureMessages":[],"fullName":"Comment Controller deleteComment should handle commentCount not going below 0","invocations":1,"location":null,"numPassingAsserts":1,"retryReasons":[],"startAt":1771487038607,"status":"passed","title":"should handle commentCount not going below 0"}],"endTime":1771487038660,"message":"\u001b[1m\u001b[31m  \u001b[1m● \u001b[22m\u001b[1mComment Controller › createComment › should create a comment and return 201\u001b[39m\u001b[22m\n\n    \u001b[2mexpect(\u001b[22m\u001b[31mreceived\u001b[39m\u001b[2m).\u001b[22mtoBe\u001b[2m(\u001b[22m\u001b[32mexpected\u001b[39m\u001b[2m) // Object.is equality\u001b[22m\n\n    Expected: \u001b[32m201\u001b[39m\n    Received: \u001b[31m500\u001b[39m\n\u001b[2m\u001b[22m\n\u001b[2m    \u001b[0m \u001b[90m 49 |\u001b[39m       \u001b[36mawait\u001b[39m createComment(req\u001b[33m,\u001b[39m res)\u001b[33m;\u001b[39m\u001b[22m\n\u001b[2m     \u001b[90m 50 |\u001b[39m\u001b[22m\n\u001b[2m    \u001b[31m\u001b[1m>\u001b[22m\u001b[2m\u001b[39m\u001b[90m 51 |\u001b[39m       expect(res\u001b[33m.\u001b[39mstatusCode)\u001b[33m.\u001b[39mtoBe(\u001b[35m201\u001b[39m)\u001b[33m;\u001b[39m\u001b[22m\n\u001b[2m     \u001b[90m    |\u001b[39m                              \u001b[31m\u001b[1m^\u001b[22m\u001b[2m\u001b[39m\u001b[22m\n\u001b[2m     \u001b[90m 52 |\u001b[39m       \u001b[36mconst\u001b[39m data \u001b[33m=\u001b[39m res\u001b[33m.\u001b[39m_getJSONData()\u001b[33m;\u001b[39m\u001b[22m\n\u001b[2m     \u001b[90m 53 |\u001b[39m       expect(data\u001b[33m.\u001b[39msuccess)\u001b[33m.\u001b[39mtoBe(\u001b[36mtrue\u001b[39m)\u001b[33m;\u001b[39m\u001b[22m\n\u001b[2m     \u001b[90m 54 |\u001b[39m       expect(data\u001b[33m.\u001b[39mcomment\u001b[33m.\u001b[39mcontent)\u001b[33m.\u001b[39mtoBe(\u001b[32m\"Great post!\"\u001b[39m)\u001b[33m;\u001b[39m\u001b[0m\u001b[22m\n\u001b[2m\u001b[22m\n\u001b[2m      \u001b[2mat Object.toBe (\u001b[22m\u001b[2m\u001b[0m\u001b[36mtests/unit/commentController.test.js\u001b[39m\u001b[0m\u001b[2m:51:30)\u001b[22m\u001b[2m\u001b[22m\n","name":"C:\\Users\\outward_tech01\\OneDrive\\Desktop\\node-simple-blog\\tests\\unit\\commentController.test.js","startTime":1771487032873,"status":"failed","summary":""},{"assertionResults":[{"ancestorTitles":["Reply Controller","createReply"],"duration":73,"failing":false,"failureDetails":[{"matcherResult":{"actual":500,"expected":201,"message":"\u001b[2mexpect(\u001b[22m\u001b[31mreceived\u001b[39m\u001b[2m).\u001b[22mtoBe\u001b[2m(\u001b[22m\u001b[32mexpected\u001b[39m\u001b[2m) // Object.is equality\u001b[22m\n\nExpected: \u001b[32m201\u001b[39m\nReceived: \u001b[31m500\u001b[39m","name":"toBe","pass":false}}],"failureMessages":["Error: \u001b[2mexpect(\u001b[22m\u001b[31mreceived\u001b[39m\u001b[2m).\u001b[22mtoBe\u001b[2m(\u001b[22m\u001b[32mexpected\u001b[39m\u001b[2m) // Object.is equality\u001b[22m\n\nExpected: \u001b[32m201\u001b[39m\nReceived: \u001b[31m500\u001b[39m\n    at Object.toBe (C:\\Users\\outward_tech01\\OneDrive\\Desktop\\node-simple-blog\\tests\\unit\\replyController.test.js:61:30)\n    at processTicksAndRejections (node:internal/process/task_queues:105:5)"],"fullName":"Reply Controller createReply should create a reply and return 201","invocations":1,"location":null,"numPassingAsserts":0,"retryReasons":[],"startAt":1771487038794,"status":"failed","title":"should create a reply and return 201"},{"ancestorTitles":["Reply Controller","createReply"],"duration":3,"failing":false,"failureDetails":[],"failureMessages":[],"fullName":"Reply Controller createReply should return 404 if comment not found","invocations":1,"location":null,"numPassingAsserts":2,"retryReasons":[],"startAt":1771487038870,"status":"passed","title":"should return 404 if comment not found"},{"ancestorTitles":["Reply Controller","createReply"],"duration":4,"failing":false,"failureDetails":[],"failureMessages":[],"fullName":"Reply Controller createReply should return 500 on server error","invocations":1,"location":null,"numPassingAsserts":1,"retryReasons":[],"startAt":1771487038873,"status":"passed","title":"should return 500 on server error"},{"ancestorTitles":["Reply Controller","updateReply"],"duration":2,"failing":false,"failureDetails":[],"failureMessages":[],"fullName":"Reply Controller updateReply should update a reply successfully","invocations":1,"location":null,"numPassingAsserts":2,"retryReasons":[],"startAt":1771487038878,"status":"passed","title":"should update a reply successfully"},{"ancestorTitles":["Reply Controller","updateReply"],"duration":2,"failing":false,"failureDetails":[],"failureMessages":[],"fullName":"Reply Controller updateReply should return 404 if reply not found","invocations":1,"location":null,"numPassingAsserts":1,"retryReasons":[],"startAt":1771487038881,"status":"passed","title":"should return 404 if reply not found"},{"ancestorTitles":["Reply Controller","updateReply"],"duration":2,"failing":false,"failureDetails":[],"failureMessages":[],"fullName":"Reply Controller updateReply should return 403 if user cannot edit reply","invocations":1,"location":null,"numPassingAsserts":1,"retryReasons":[],"startAt":1771487038884,"status":"passed","title":"should return 403 if user cannot edit reply"},{"ancestorTitles":["Reply Controller","deleteReply"],"duration":4,"failing":false,"failureDetails":[],"failureMessages":[],"fullName":"Reply Controller deleteReply should soft delete a reply and decrement counts","invocations":1,"location":null,"numPassingAsserts":4,"retryReasons":[],"startAt":1771487038887,"status":"passed","title":"should soft delete a reply and decrement counts"},{"ancestorTitles":["Reply Controller","deleteReply"],"duration":2,"failing":false,"failureDetails":[],"failureMessages":[],"fullName":"Reply Controller deleteReply should return 404 if reply not found","invocations":1,"location":null,"numPassingAsserts":1,"retryReasons":[],"startAt":1771487038892,"status":"passed","title":"should return 404 if reply not found"},{"ancestorTitles":["Reply Controller","deleteReply"],"duration":3,"failing":false,"failureDetails":[],"failureMessages":[],"fullName":"Reply Controller deleteReply should return 403 if user lacks permission to delete","invocations":1,"location":null,"numPassingAsserts":1,"retryReasons":[],"startAt":1771487038894,"status":"passed","title":"should return 403 if user lacks permission to delete"},{"ancestorTitles":["Reply Controller","deleteReply"],"duration":4,"failing":false,"failureDetails":[],"failureMessages":[],"fullName":"Reply Controller deleteReply should handle replyCount not going below 0","invocations":1,"location":null,"numPassingAsserts":2,"retryReasons":[],"startAt":1771487038897,"status":"passed","title":"should handle replyCount not going below 0"}],"endTime":1771487038946,"message":"\u001b[1m\u001b[31m  \u001b[1m● \u001b[22m\u001b[1mReply Controller › createReply › should create a reply and return 201\u001b[39m\u001b[22m\n\n    \u001b[2mexpect(\u001b[22m\u001b[31mreceived\u001b[39m\u001b[2m).\u001b[22mtoBe\u001b[2m(\u001b[22m\u001b[32mexpected\u001b[39m\u001b[2m) // Object.is equality\u001b[22m\n\n    Expected: \u001b[32m201\u001b[39m\n    Received: \u001b[31m500\u001b[39m\n\u001b[2m\u001b[22m\n\u001b[2m    \u001b[0m \u001b[90m 59 |\u001b[39m       \u001b[36mawait\u001b[39m createReply(req\u001b[33m,\u001b[39m res)\u001b[33m;\u001b[39m\u001b[22m\n\u001b[2m     \u001b[90m 60 |\u001b[39m\u001b[22m\n\u001b[2m    \u001b[31m\u001b[1m>\u001b[22m\u001b[2m\u001b[39m\u001b[90m 61 |\u001b[39m       expect(res\u001b[33m.\u001b[39mstatusCode)\u001b[33m.\u001b[39mtoBe(\u001b[35m201\u001b[39m)\u001b[33m;\u001b[39m\u001b[22m\n\u001b[2m     \u001b[90m    |\u001b[39m                              \u001b[31m\u001b[1m^\u001b[22m\u001b[2m\u001b[39m\u001b[22m\n\u001b[2m     \u001b[90m 62 |\u001b[39m       \u001b[36mconst\u001b[39m data \u001b[33m=\u001b[39m res\u001b[33m.\u001b[39m_getJSONData()\u001b[33m;\u001b[39m\u001b[22m\n\u001b[2m     \u001b[90m 63 |\u001b[39m       expect(data\u001b[33m.\u001b[39msuccess)\u001b[33m.\u001b[39mtoBe(\u001b[36mtrue\u001b[39m)\u001b[33m;\u001b[39m\u001b[22m\n\u001b[2m     \u001b[90m 64 |\u001b[39m       expect(mockComment\u001b[33m.\u001b[39mreplyCount)\u001b[33m.\u001b[39mtoBe(\u001b[35m3\u001b[39m)\u001b[33m;\u001b[39m\u001b[0m\u001b[22m\n\u001b[2m\u001b[22m\n\u001b[2m      \u001b[2mat Object.toBe (\u001b[22m\u001b[2m\u001b[0m\u001b[36mtests/unit/replyController.test.js\u001b[39m\u001b[0m\u001b[2m:61:30)\u001b[22m\u001b[2m\u001b[22m\n","name":"C:\\Users\\outward_tech01\\OneDrive\\Desktop\\node-simple-blog\\tests\\unit\\replyController.test.js","startTime":1771487032806,"status":"failed","summary":""}],"wasInterrupted":false}
